# JRE version: Java(TM) SE Runtime Environment (8.0_45-b15) (build 1.8.0_45-b15)
# Java VM: Java HotSpot(TM) 64-Bit Server VM (25.45-b02 mixed mode windows-amd64 compressed oops)
Heap:
 PSYoungGen      total 941056K, used 162692K [0x000000076ab00000, 0x00000007b6a80000, 0x00000007c0000000)
  eden space 745472K, 20% used [0x000000076ab00000,0x0000000773dfbb80,0x0000000798300000)
  from space 195584K, 6% used [0x0000000798300000,0x0000000798ee5538,0x00000007a4200000)
  to   space 189440K, 0% used [0x00000007ab180000,0x00000007ab180000,0x00000007b6a80000)
 ParOldGen       total 992256K, used 580098K [0x00000006c0000000, 0x00000006fc900000, 0x000000076ab00000)
  object space 992256K, 58% used [0x00000006c0000000,0x00000006e3680988,0x00000006fc900000)
 Metaspace       used 98162K, capacity 101400K, committed 101680K, reserved 1138688K
  class space    used 12591K, capacity 13269K, committed 13360K, reserved 1048576K
GC Heap History (10 events):
Event: 25.143 GC heap before
{Heap before GC invocations=23 (full 4):
 PSYoungGen      total 721920K, used 650110K [0x000000076ab00000, 0x00000007a4100000, 0x00000007c0000000)
  eden space 524288K, 100% used [0x000000076ab00000,0x000000078ab00000,0x000000078ab00000)
  from space 197632K, 63% used [0x0000000798000000,0x000000079fadfb98,0x00000007a4100000)
  to   space 207872K, 0% used [0x000000078ab00000,0x000000078ab00000,0x0000000797600000)
 ParOldGen       total 992256K, used 424305K [0x00000006c0000000, 0x00000006fc900000, 0x000000076ab00000)
  object space 992256K, 42% used [0x00000006c0000000,0x00000006d9e5c7f8,0x00000006fc900000)
 Metaspace       used 94628K, capacity 97336K, committed 97584K, reserved 1134592K
  class space    used 12225K, capacity 12805K, committed 12848K, reserved 1048576K
Event: 25.208 GC heap after
Heap after GC invocations=23 (full 4):
 PSYoungGen      total 732160K, used 24176K [0x000000076ab00000, 0x00000007ab200000, 0x00000007c0000000)
  eden space 524288K, 0% used [0x000000076ab00000,0x000000076ab00000,0x000000078ab00000)
  from space 207872K, 11% used [0x000000078ab00000,0x000000078c29c020,0x0000000797600000)
  to   space 204800K, 0% used [0x000000079ea00000,0x000000079ea00000,0x00000007ab200000)
 ParOldGen       total 992256K, used 547914K [0x00000006c0000000, 0x00000006fc900000, 0x000000076ab00000)
  object space 992256K, 55% used [0x00000006c0000000,0x00000006e1712b58,0x00000006fc900000)
 Metaspace       used 94628K, capacity 97336K, committed 97584K, reserved 1134592K
  class space    used 12225K, capacity 12805K, committed 12848K, reserved 1048576K
}
Event: 26.684 GC heap before
{Heap before GC invocations=24 (full 4):
 PSYoungGen      total 732160K, used 548464K [0x000000076ab00000, 0x00000007ab200000, 0x00000007c0000000)
  eden space 524288K, 100% used [0x000000076ab00000,0x000000078ab00000,0x000000078ab00000)
  from space 207872K, 11% used [0x000000078ab00000,0x000000078c29c020,0x0000000797600000)
  to   space 204800K, 0% used [0x000000079ea00000,0x000000079ea00000,0x00000007ab200000)
 ParOldGen       total 992256K, used 547914K [0x00000006c0000000, 0x00000006fc900000, 0x000000076ab00000)
  object space 992256K, 55% used [0x00000006c0000000,0x00000006e1712b58,0x00000006fc900000)
 Metaspace       used 97764K, capacity 100906K, committed 101040K, reserved 1136640K
  class space    used 12555K, capacity 13194K, committed 13232K, reserved 1048576K
Event: 26.708 GC heap after
Heap after GC invocations=24 (full 4):
 PSYoungGen      total 825344K, used 10367K [0x000000076ab00000, 0x00000007aa380000, 0x00000007c0000000)
  eden space 635392K, 0% used [0x000000076ab00000,0x000000076ab00000,0x0000000791780000)
  from space 189952K, 5% used [0x000000079ea00000,0x000000079f41fdb0,0x00000007aa380000)
  to   space 202752K, 0% used [0x0000000791780000,0x0000000791780000,0x000000079dd80000)
 ParOldGen       total 992256K, used 564302K [0x00000006c0000000, 0x00000006fc900000, 0x000000076ab00000)
  object space 992256K, 56% used [0x00000006c0000000,0x00000006e2713bd8,0x00000006fc900000)
 Metaspace       used 97764K, capacity 100906K, committed 101040K, reserved 1136640K
  class space    used 12555K, capacity 13194K, committed 13232K, reserved 1048576K
}
Event: 27.823 GC heap before
{Heap before GC invocations=25 (full 4):
 PSYoungGen      total 825344K, used 645759K [0x000000076ab00000, 0x00000007aa380000, 0x00000007c0000000)
  eden space 635392K, 100% used [0x000000076ab00000,0x0000000791780000,0x0000000791780000)
  from space 189952K, 5% used [0x000000079ea00000,0x000000079f41fdb0,0x00000007aa380000)
  to   space 202752K, 0% used [0x0000000791780000,0x0000000791780000,0x000000079dd80000)
 ParOldGen       total 992256K, used 564302K [0x00000006c0000000, 0x00000006fc900000, 0x000000076ab00000)
  object space 992256K, 56% used [0x00000006c0000000,0x00000006e2713bd8,0x00000006fc900000)
 Metaspace       used 98038K, capacity 101224K, committed 101424K, reserved 1136640K
  class space    used 12577K, capacity 13247K, committed 13360K, reserved 1048576K
Event: 27.849 GC heap after
Heap after GC invocations=25 (full 4):
 PSYoungGen      total 838144K, used 11691K [0x000000076ab00000, 0x00000007b1700000, 0x00000007c0000000)
  eden space 635392K, 0% used [0x000000076ab00000,0x000000076ab00000,0x0000000791780000)
  from space 202752K, 5% used [0x0000000791780000,0x00000007922eae80,0x000000079dd80000)
  to   space 199168K, 0% used [0x00000007a5480000,0x00000007a5480000,0x00000007b1700000)
 ParOldGen       total 992256K, used 573129K [0x00000006c0000000, 0x00000006fc900000, 0x000000076ab00000)
  object space 992256K, 57% used [0x00000006c0000000,0x00000006e2fb2638,0x00000006fc900000)
 Metaspace       used 98038K, capacity 101224K, committed 101424K, reserved 1136640K
  class space    used 12577K, capacity 13247K, committed 13360K, reserved 1048576K
}
Event: 31.903 GC heap before
{Heap before GC invocations=26 (full 4):
 PSYoungGen      total 838144K, used 647083K [0x000000076ab00000, 0x00000007b1700000, 0x00000007c0000000)
  eden space 635392K, 100% used [0x000000076ab00000,0x0000000791780000,0x0000000791780000)
  from space 202752K, 5% used [0x0000000791780000,0x00000007922eae80,0x000000079dd80000)
  to   space 199168K, 0% used [0x00000007a5480000,0x00000007a5480000,0x00000007b1700000)
 ParOldGen       total 992256K, used 573129K [0x00000006c0000000, 0x00000006fc900000, 0x000000076ab00000)
  object space 992256K, 57% used [0x00000006c0000000,0x00000006e2fb2638,0x00000006fc900000)
 Metaspace       used 98088K, capacity 101262K, committed 101424K, reserved 1136640K
  class space    used 12581K, capacity 13254K, committed 13360K, reserved 1048576K
Event: 31.925 GC heap after
Heap after GC invocations=26 (full 4):
 PSYoungGen      total 922112K, used 6869K [0x000000076ab00000, 0x00000007b0100000, 0x00000007c0000000)
  eden space 745472K, 0% used [0x000000076ab00000,0x000000076ab00000,0x0000000798300000)
  from space 176640K, 3% used [0x00000007a5480000,0x00000007a5b35518,0x00000007b0100000)
  to   space 195584K, 0% used [0x0000000798300000,0x0000000798300000,0x00000007a4200000)
 ParOldGen       total 992256K, used 580090K [0x00000006c0000000, 0x00000006fc900000, 0x000000076ab00000)
  object space 992256K, 58% used [0x00000006c0000000,0x00000006e367e988,0x00000006fc900000)
 Metaspace       used 98088K, capacity 101262K, committed 101424K, reserved 1136640K
  class space    used 12581K, capacity 13254K, committed 13360K, reserved 1048576K
}
Event: 32.995 GC heap before
{Heap before GC invocations=27 (full 4):
 PSYoungGen      total 922112K, used 752341K [0x000000076ab00000, 0x00000007b0100000, 0x00000007c0000000)
  eden space 745472K, 100% used [0x000000076ab00000,0x0000000798300000,0x0000000798300000)
  from space 176640K, 3% used [0x00000007a5480000,0x00000007a5b35518,0x00000007b0100000)
  to   space 195584K, 0% used [0x0000000798300000,0x0000000798300000,0x00000007a4200000)
 ParOldGen       total 992256K, used 580090K [0x00000006c0000000, 0x00000006fc900000, 0x000000076ab00000)
  object space 992256K, 58% used [0x00000006c0000000,0x00000006e367e988,0x00000006fc900000)
 Metaspace       used 98157K, capacity 101394K, committed 101680K, reserved 1138688K
  class space    used 12590K, capacity 13268K, committed 13360K, reserved 1048576K
Event: 33.016 GC heap after
Heap after GC invocations=27 (full 4):
 PSYoungGen      total 941056K, used 12181K [0x000000076ab00000, 0x00000007b6a80000, 0x00000007c0000000)
  eden space 745472K, 0% used [0x000000076ab00000,0x000000076ab00000,0x0000000798300000)
  from space 195584K, 6% used [0x0000000798300000,0x0000000798ee5538,0x00000007a4200000)
  to   space 189440K, 0% used [0x00000007ab180000,0x00000007ab180000,0x00000007b6a80000)
 ParOldGen       total 992256K, used 580098K [0x00000006c0000000, 0x00000006fc900000, 0x000000076ab00000)
  object space 992256K, 58% used [0x00000006c0000000,0x00000006e3680988,0x00000006fc900000)
 Metaspace       used 98157K, capacity 101394K, committed 101680K, reserved 1138688K
  class space    used 12590K, capacity 13268K, committed 13360K, reserved 1048576K
}

