# JRE version: Java(TM) SE Runtime Environment (8.0_45-b15) (build 1.8.0_45-b15)
# Java VM: Java HotSpot(TM) 64-Bit Server VM (25.45-b02 mixed mode windows-amd64 compressed oops)
Heap:
 PSYoungGen      total 1037312K, used 690580K [0x000000076ab00000, 0x00000007bdf00000, 0x00000007c0000000)
  eden space 710656K, 71% used [0x000000076ab00000,0x0000000789d2d800,0x0000000796100000)
  from space 326656K, 55% used [0x0000000796100000,0x00000007a11378e0,0x00000007aa000000)
  to   space 322560K, 0% used [0x00000007aa400000,0x00000007aa400000,0x00000007bdf00000)
 ParOldGen       total 689152K, used 453245K [0x00000006c0000000, 0x00000006ea100000, 0x000000076ab00000)
  object space 689152K, 65% used [0x00000006c0000000,0x00000006dba9f530,0x00000006ea100000)
 Metaspace       used 111779K, capacity 115632K, committed 115760K, reserved 1150976K
  class space    used 13857K, capacity 14595K, committed 14640K, reserved 1048576K
GC Heap History (10 events):
Event: 1210.924 GC heap before
{Heap before GC invocations=54 (full 10):
 PSYoungGen      total 979968K, used 802546K [0x000000076ab00000, 0x00000007c0000000, 0x00000007c0000000)
  eden space 650240K, 100% used [0x000000076ab00000,0x0000000792600000,0x0000000792600000)
  from space 329728K, 46% used [0x00000007abe00000,0x00000007b52bca38,0x00000007c0000000)
  to   space 373760K, 0% used [0x0000000792600000,0x0000000792600000,0x00000007a9300000)
 ParOldGen       total 689152K, used 453245K [0x00000006c0000000, 0x00000006ea100000, 0x000000076ab00000)
  object space 689152K, 65% used [0x00000006c0000000,0x00000006dba9f530,0x00000006ea100000)
 Metaspace       used 111751K, capacity 115628K, committed 115760K, reserved 1150976K
  class space    used 13855K, capacity 14595K, committed 14640K, reserved 1048576K
Event: 1211.043 GC heap after
Heap after GC invocations=54 (full 10):
 PSYoungGen      total 1024000K, used 163969K [0x000000076ab00000, 0x00000007c0000000, 0x00000007c0000000)
  eden space 650240K, 0% used [0x000000076ab00000,0x000000076ab00000,0x0000000792600000)
  from space 373760K, 43% used [0x0000000792600000,0x000000079c620400,0x00000007a9300000)
  to   space 357376K, 0% used [0x00000007aa300000,0x00000007aa300000,0x00000007c0000000)
 ParOldGen       total 689152K, used 453245K [0x00000006c0000000, 0x00000006ea100000, 0x000000076ab00000)
  object space 689152K, 65% used [0x00000006c0000000,0x00000006dba9f530,0x00000006ea100000)
 Metaspace       used 111751K, capacity 115628K, committed 115760K, reserved 1150976K
  class space    used 13855K, capacity 14595K, committed 14640K, reserved 1048576K
}
Event: 1211.641 GC heap before
{Heap before GC invocations=55 (full 10):
 PSYoungGen      total 1024000K, used 814209K [0x000000076ab00000, 0x00000007c0000000, 0x00000007c0000000)
  eden space 650240K, 100% used [0x000000076ab00000,0x0000000792600000,0x0000000792600000)
  from space 373760K, 43% used [0x0000000792600000,0x000000079c620400,0x00000007a9300000)
  to   space 357376K, 0% used [0x00000007aa300000,0x00000007aa300000,0x00000007c0000000)
 ParOldGen       total 689152K, used 453245K [0x00000006c0000000, 0x00000006ea100000, 0x000000076ab00000)
  object space 689152K, 65% used [0x00000006c0000000,0x00000006dba9f530,0x00000006ea100000)
 Metaspace       used 111764K, capacity 115628K, committed 115760K, reserved 1150976K
  class space    used 13855K, capacity 14595K, committed 14640K, reserved 1048576K
Event: 1211.724 GC heap after
Heap after GC invocations=55 (full 10):
 PSYoungGen      total 987136K, used 175644K [0x000000076ab00000, 0x00000007bdc00000, 0x00000007c0000000)
  eden space 666624K, 0% used [0x000000076ab00000,0x000000076ab00000,0x0000000793600000)
  from space 320512K, 54% used [0x00000007aa300000,0x00000007b4e87268,0x00000007bdc00000)
  to   space 347136K, 0% used [0x0000000793600000,0x0000000793600000,0x00000007a8900000)
 ParOldGen       total 689152K, used 453245K [0x00000006c0000000, 0x00000006ea100000, 0x000000076ab00000)
  object space 689152K, 65% used [0x00000006c0000000,0x00000006dba9f530,0x00000006ea100000)
 Metaspace       used 111764K, capacity 115628K, committed 115760K, reserved 1150976K
  class space    used 13855K, capacity 14595K, committed 14640K, reserved 1048576K
}
Event: 1213.994 GC heap before
{Heap before GC invocations=56 (full 10):
 PSYoungGen      total 987136K, used 842268K [0x000000076ab00000, 0x00000007bdc00000, 0x00000007c0000000)
  eden space 666624K, 100% used [0x000000076ab00000,0x0000000793600000,0x0000000793600000)
  from space 320512K, 54% used [0x00000007aa300000,0x00000007b4e87268,0x00000007bdc00000)
  to   space 347136K, 0% used [0x0000000793600000,0x0000000793600000,0x00000007a8900000)
 ParOldGen       total 689152K, used 453245K [0x00000006c0000000, 0x00000006ea100000, 0x000000076ab00000)
  object space 689152K, 65% used [0x00000006c0000000,0x00000006dba9f530,0x00000006ea100000)
 Metaspace       used 111767K, capacity 115628K, committed 115760K, reserved 1150976K
  class space    used 13855K, capacity 14595K, committed 14640K, reserved 1048576K
Event: 1214.084 GC heap after
Heap after GC invocations=56 (full 10):
 PSYoungGen      total 1013760K, used 173038K [0x000000076ab00000, 0x00000007bec00000, 0x00000007c0000000)
  eden space 666624K, 0% used [0x000000076ab00000,0x000000076ab00000,0x0000000793600000)
  from space 347136K, 49% used [0x0000000793600000,0x000000079defbb60,0x00000007a8900000)
  to   space 335872K, 0% used [0x00000007aa400000,0x00000007aa400000,0x00000007bec00000)
 ParOldGen       total 689152K, used 453245K [0x00000006c0000000, 0x00000006ea100000, 0x000000076ab00000)
  object space 689152K, 65% used [0x00000006c0000000,0x00000006dba9f530,0x00000006ea100000)
 Metaspace       used 111767K, capacity 115628K, committed 115760K, reserved 1150976K
  class space    used 13855K, capacity 14595K, committed 14640K, reserved 1048576K
}
Event: 1214.726 GC heap before
{Heap before GC invocations=57 (full 10):
 PSYoungGen      total 1013760K, used 839662K [0x000000076ab00000, 0x00000007bec00000, 0x00000007c0000000)
  eden space 666624K, 100% used [0x000000076ab00000,0x0000000793600000,0x0000000793600000)
  from space 347136K, 49% used [0x0000000793600000,0x000000079defbb60,0x00000007a8900000)
  to   space 335872K, 0% used [0x00000007aa400000,0x00000007aa400000,0x00000007bec00000)
 ParOldGen       total 689152K, used 453245K [0x00000006c0000000, 0x00000006ea100000, 0x000000076ab00000)
  object space 689152K, 65% used [0x00000006c0000000,0x00000006dba9f530,0x00000006ea100000)
 Metaspace       used 111774K, capacity 115628K, committed 115760K, reserved 1150976K
  class space    used 13856K, capacity 14595K, committed 14640K, reserved 1048576K
Event: 1214.823 GC heap after
Heap after GC invocations=57 (full 10):
 PSYoungGen      total 1033216K, used 177514K [0x000000076ab00000, 0x00000007bdf00000, 0x00000007c0000000)
  eden space 710656K, 0% used [0x000000076ab00000,0x000000076ab00000,0x0000000796100000)
  from space 322560K, 55% used [0x00000007aa400000,0x00000007b515ab98,0x00000007bdf00000)
  to   space 326656K, 0% used [0x0000000796100000,0x0000000796100000,0x00000007aa000000)
 ParOldGen       total 689152K, used 453245K [0x00000006c0000000, 0x00000006ea100000, 0x000000076ab00000)
  object space 689152K, 65% used [0x00000006c0000000,0x00000006dba9f530,0x00000006ea100000)
 Metaspace       used 111774K, capacity 115628K, committed 115760K, reserved 1150976K
  class space    used 13856K, capacity 14595K, committed 14640K, reserved 1048576K
}
Event: 1215.392 GC heap before
{Heap before GC invocations=58 (full 10):
 PSYoungGen      total 1033216K, used 888170K [0x000000076ab00000, 0x00000007bdf00000, 0x00000007c0000000)
  eden space 710656K, 100% used [0x000000076ab00000,0x0000000796100000,0x0000000796100000)
  from space 322560K, 55% used [0x00000007aa400000,0x00000007b515ab98,0x00000007bdf00000)
  to   space 326656K, 0% used [0x0000000796100000,0x0000000796100000,0x00000007aa000000)
 ParOldGen       total 689152K, used 453245K [0x00000006c0000000, 0x00000006ea100000, 0x000000076ab00000)
  object space 689152K, 65% used [0x00000006c0000000,0x00000006dba9f530,0x00000006ea100000)
 Metaspace       used 111775K, capacity 115628K, committed 115760K, reserved 1150976K
  class space    used 13856K, capacity 14595K, committed 14640K, reserved 1048576K
Event: 1215.524 GC heap after
Heap after GC invocations=58 (full 10):
 PSYoungGen      total 1037312K, used 180446K [0x000000076ab00000, 0x00000007bdf00000, 0x00000007c0000000)
  eden space 710656K, 0% used [0x000000076ab00000,0x000000076ab00000,0x0000000796100000)
  from space 326656K, 55% used [0x0000000796100000,0x00000007a11378e0,0x00000007aa000000)
  to   space 322560K, 0% used [0x00000007aa400000,0x00000007aa400000,0x00000007bdf00000)
 ParOldGen       total 689152K, used 453245K [0x00000006c0000000, 0x00000006ea100000, 0x000000076ab00000)
  object space 689152K, 65% used [0x00000006c0000000,0x00000006dba9f530,0x00000006ea100000)
 Metaspace       used 111775K, capacity 115628K, committed 115760K, reserved 1150976K
  class space    used 13856K, capacity 14595K, committed 14640K, reserved 1048576K
}

