# JRE version: Java(TM) SE Runtime Environment (8.0_45-b15) (build 1.8.0_45-b15)
# Java VM: Java HotSpot(TM) 64-Bit Server VM (25.45-b02 mixed mode windows-amd64 compressed oops)
Heap:
 PSYoungGen      total 1071616K, used 61215K [0x000000076ab00000, 0x00000007c0000000, 0x00000007c0000000)
  eden space 762880K, 8% used [0x000000076ab00000,0x000000076e6c7f78,0x0000000799400000)
  from space 308736K, 0% used [0x00000007ad280000,0x00000007ad280000,0x00000007c0000000)
  to   space 317440K, 0% used [0x0000000799400000,0x0000000799400000,0x00000007aca00000)
 ParOldGen       total 1215488K, used 514735K [0x00000006c0000000, 0x000000070a300000, 0x000000076ab00000)
  object space 1215488K, 42% used [0x00000006c0000000,0x00000006df6abd38,0x000000070a300000)
 Metaspace       used 143712K, capacity 149580K, committed 149652K, reserved 1179648K
  class space    used 17738K, capacity 18872K, committed 18876K, reserved 1048576K
GC Heap History (10 events):
Event: 1331.617 GC heap before
{Heap before GC invocations=54 (full 5):
 PSYoungGen      total 1060352K, used 797124K [0x000000076ab00000, 0x00000007bdf00000, 0x00000007c0000000)
  eden space 775168K, 100% used [0x000000076ab00000,0x000000079a000000,0x000000079a000000)
  from space 285184K, 7% used [0x00000007ac880000,0x00000007addf10d0,0x00000007bdf00000)
  to   space 294400K, 0% used [0x000000079a000000,0x000000079a000000,0x00000007abf80000)
 ParOldGen       total 860672K, used 620262K [0x00000006c0000000, 0x00000006f4880000, 0x000000076ab00000)
  object space 860672K, 72% used [0x00000006c0000000,0x00000006e5db9aa8,0x00000006f4880000)
 Metaspace       used 134318K, capacity 139322K, committed 139412K, reserved 1171456K
  class space    used 16563K, capacity 17591K, committed 17596K, reserved 1048576K
Event: 1331.650 GC heap after
Heap after GC invocations=54 (full 5):
 PSYoungGen      total 1069568K, used 34842K [0x000000076ab00000, 0x00000007bef00000, 0x00000007c0000000)
  eden space 775168K, 0% used [0x000000076ab00000,0x000000076ab00000,0x000000079a000000)
  from space 294400K, 11% used [0x000000079a000000,0x000000079c206bd0,0x00000007abf80000)
  to   space 281088K, 0% used [0x00000007adc80000,0x00000007adc80000,0x00000007bef00000)
 ParOldGen       total 860672K, used 633825K [0x00000006c0000000, 0x00000006f4880000, 0x000000076ab00000)
  object space 860672K, 73% used [0x00000006c0000000,0x00000006e6af8640,0x00000006f4880000)
 Metaspace       used 134318K, capacity 139322K, committed 139412K, reserved 1171456K
  class space    used 16563K, capacity 17591K, committed 17596K, reserved 1048576K
}
Event: 1337.250 GC heap before
{Heap before GC invocations=55 (full 5):
 PSYoungGen      total 1069568K, used 810010K [0x000000076ab00000, 0x00000007bef00000, 0x00000007c0000000)
  eden space 775168K, 100% used [0x000000076ab00000,0x000000079a000000,0x000000079a000000)
  from space 294400K, 11% used [0x000000079a000000,0x000000079c206bd0,0x00000007abf80000)
  to   space 281088K, 0% used [0x00000007adc80000,0x00000007adc80000,0x00000007bef00000)
 ParOldGen       total 860672K, used 633825K [0x00000006c0000000, 0x00000006f4880000, 0x000000076ab00000)
  object space 860672K, 73% used [0x00000006c0000000,0x00000006e6af8640,0x00000006f4880000)
 Metaspace       used 138150K, capacity 143500K, committed 143764K, reserved 1175552K
  class space    used 17016K, capacity 18072K, committed 18108K, reserved 1048576K
Event: 1337.356 GC heap after
Heap after GC invocations=55 (full 5):
 PSYoungGen      total 1100800K, used 128468K [0x000000076ab00000, 0x00000007bf000000, 0x00000007c0000000)
  eden space 819712K, 0% used [0x000000076ab00000,0x000000076ab00000,0x000000079cb80000)
  from space 281088K, 45% used [0x00000007adc80000,0x00000007b59f5328,0x00000007bef00000)
  to   space 279552K, 0% used [0x000000079cb80000,0x000000079cb80000,0x00000007adc80000)
 ParOldGen       total 860672K, used 645296K [0x00000006c0000000, 0x00000006f4880000, 0x000000076ab00000)
  object space 860672K, 74% used [0x00000006c0000000,0x00000006e762c0d0,0x00000006f4880000)
 Metaspace       used 138150K, capacity 143500K, committed 143764K, reserved 1175552K
  class space    used 17016K, capacity 18072K, committed 18108K, reserved 1048576K
}
Event: 1342.629 GC heap before
{Heap before GC invocations=56 (full 5):
 PSYoungGen      total 1100800K, used 948180K [0x000000076ab00000, 0x00000007bf000000, 0x00000007c0000000)
  eden space 819712K, 100% used [0x000000076ab00000,0x000000079cb80000,0x000000079cb80000)
  from space 281088K, 45% used [0x00000007adc80000,0x00000007b59f5328,0x00000007bef00000)
  to   space 279552K, 0% used [0x000000079cb80000,0x000000079cb80000,0x00000007adc80000)
 ParOldGen       total 860672K, used 645296K [0x00000006c0000000, 0x00000006f4880000, 0x000000076ab00000)
  object space 860672K, 74% used [0x00000006c0000000,0x00000006e762c0d0,0x00000006f4880000)
 Metaspace       used 139713K, capacity 145286K, committed 145556K, reserved 1177600K
  class space    used 17190K, capacity 18249K, committed 18364K, reserved 1048576K
Event: 1342.823 GC heap after
Heap after GC invocations=56 (full 5):
 PSYoungGen      total 1033216K, used 213133K [0x000000076ab00000, 0x00000007c0000000, 0x00000007c0000000)
  eden space 819712K, 0% used [0x000000076ab00000,0x000000076ab00000,0x000000079cb80000)
  from space 213504K, 99% used [0x000000079cb80000,0x00000007a9ba3730,0x00000007a9c00000)
  to   space 308736K, 0% used [0x00000007ad280000,0x00000007ad280000,0x00000007c0000000)
 ParOldGen       total 860672K, used 737974K [0x00000006c0000000, 0x00000006f4880000, 0x000000076ab00000)
  object space 860672K, 85% used [0x00000006c0000000,0x00000006ed0ad8e0,0x00000006f4880000)
 Metaspace       used 139713K, capacity 145286K, committed 145556K, reserved 1177600K
  class space    used 17190K, capacity 18249K, committed 18364K, reserved 1048576K
}
Event: 1346.926 GC heap before
{Heap before GC invocations=57 (full 5):
 PSYoungGen      total 1033216K, used 1032845K [0x000000076ab00000, 0x00000007c0000000, 0x00000007c0000000)
  eden space 819712K, 100% used [0x000000076ab00000,0x000000079cb80000,0x000000079cb80000)
  from space 213504K, 99% used [0x000000079cb80000,0x00000007a9ba3730,0x00000007a9c00000)
  to   space 308736K, 0% used [0x00000007ad280000,0x00000007ad280000,0x00000007c0000000)
 ParOldGen       total 860672K, used 737974K [0x00000006c0000000, 0x00000006f4880000, 0x000000076ab00000)
  object space 860672K, 85% used [0x00000006c0000000,0x00000006ed0ad8e0,0x00000006f4880000)
 Metaspace       used 142943K, capacity 148720K, committed 148884K, reserved 1179648K
  class space    used 17656K, capacity 18790K, committed 18876K, reserved 1048576K
Event: 1347.091 GC heap after
Heap after GC invocations=57 (full 5):
 PSYoungGen      total 1071616K, used 176645K [0x000000076ab00000, 0x00000007c0000000, 0x00000007c0000000)
  eden space 762880K, 0% used [0x000000076ab00000,0x000000076ab00000,0x0000000799400000)
  from space 308736K, 57% used [0x00000007ad280000,0x00000007b7f017a0,0x00000007c0000000)
  to   space 317440K, 0% used [0x0000000799400000,0x0000000799400000,0x00000007aca00000)
 ParOldGen       total 899072K, used 898703K [0x00000006c0000000, 0x00000006f6e00000, 0x000000076ab00000)
  object space 899072K, 99% used [0x00000006c0000000,0x00000006f6da3f98,0x00000006f6e00000)
 Metaspace       used 142943K, capacity 148720K, committed 148884K, reserved 1179648K
  class space    used 17656K, capacity 18790K, committed 18876K, reserved 1048576K
}
Event: 1347.091 GC heap before
{Heap before GC invocations=58 (full 6):
 PSYoungGen      total 1071616K, used 176645K [0x000000076ab00000, 0x00000007c0000000, 0x00000007c0000000)
  eden space 762880K, 0% used [0x000000076ab00000,0x000000076ab00000,0x0000000799400000)
  from space 308736K, 57% used [0x00000007ad280000,0x00000007b7f017a0,0x00000007c0000000)
  to   space 317440K, 0% used [0x0000000799400000,0x0000000799400000,0x00000007aca00000)
 ParOldGen       total 899072K, used 898703K [0x00000006c0000000, 0x00000006f6e00000, 0x000000076ab00000)
  object space 899072K, 99% used [0x00000006c0000000,0x00000006f6da3f98,0x00000006f6e00000)
 Metaspace       used 142943K, capacity 148720K, committed 148884K, reserved 1179648K
  class space    used 17656K, capacity 18790K, committed 18876K, reserved 1048576K
Event: 1348.126 GC heap after
Heap after GC invocations=58 (full 6):
 PSYoungGen      total 1071616K, used 0K [0x000000076ab00000, 0x00000007c0000000, 0x00000007c0000000)
  eden space 762880K, 0% used [0x000000076ab00000,0x000000076ab00000,0x0000000799400000)
  from space 308736K, 0% used [0x00000007ad280000,0x00000007ad280000,0x00000007c0000000)
  to   space 317440K, 0% used [0x0000000799400000,0x0000000799400000,0x00000007aca00000)
 ParOldGen       total 1215488K, used 514735K [0x00000006c0000000, 0x000000070a300000, 0x000000076ab00000)
  object space 1215488K, 42% used [0x00000006c0000000,0x00000006df6abd38,0x000000070a300000)
 Metaspace       used 142931K, capacity 148696K, committed 148884K, reserved 1179648K
  class space    used 17652K, capacity 18784K, committed 18876K, reserved 1048576K
}

