# JRE version: Java(TM) SE Runtime Environment (8.0_45-b15) (build 1.8.0_45-b15)
# Java VM: Java HotSpot(TM) 64-Bit Server VM (25.45-b02 mixed mode windows-amd64 compressed oops)
Heap:
 PSYoungGen      total 1016832K, used 229230K [0x000000076ab00000, 0x00000007b6a00000, 0x00000007c0000000)
  eden space 866816K, 22% used [0x000000076ab00000,0x00000007765cf580,0x000000079f980000)
  from space 150016K, 25% used [0x000000079f980000,0x00000007a1e8c2e0,0x00000007a8c00000)
  to   space 161792K, 0% used [0x00000007a8c00000,0x00000007a8c00000,0x00000007b2a00000)
 ParOldGen       total 1000960K, used 574367K [0x00000006c0000000, 0x00000006fd180000, 0x000000076ab00000)
  object space 1000960K, 57% used [0x00000006c0000000,0x00000006e30e7f90,0x00000006fd180000)
 Metaspace       used 98326K, capacity 101580K, committed 101680K, reserved 1138688K
  class space    used 12597K, capacity 13271K, committed 13360K, reserved 1048576K
GC Heap History (10 events):
Event: 32.553 GC heap before
{Heap before GC invocations=27 (full 4):
 PSYoungGen      total 885760K, used 737525K [0x000000076ab00000, 0x00000007acf80000, 0x00000007c0000000)
  eden space 723456K, 100% used [0x000000076ab00000,0x0000000796d80000,0x0000000796d80000)
  from space 162304K, 8% used [0x00000007a3100000,0x00000007a3ebd558,0x00000007acf80000)
  to   space 181248K, 0% used [0x0000000796d80000,0x0000000796d80000,0x00000007a1e80000)
 ParOldGen       total 1000960K, used 574327K [0x00000006c0000000, 0x00000006fd180000, 0x000000076ab00000)
  object space 1000960K, 57% used [0x00000006c0000000,0x00000006e30ddf90,0x00000006fd180000)
 Metaspace       used 98200K, capacity 101470K, committed 101680K, reserved 1138688K
  class space    used 12592K, capacity 13268K, committed 13360K, reserved 1048576K
Event: 32.586 GC heap after
Heap after GC invocations=27 (full 4):
 PSYoungGen      total 904704K, used 19989K [0x000000076ab00000, 0x00000007b3680000, 0x00000007c0000000)
  eden space 723456K, 0% used [0x000000076ab00000,0x000000076ab00000,0x0000000796d80000)
  from space 181248K, 11% used [0x0000000796d80000,0x0000000798105568,0x00000007a1e80000)
  to   space 174592K, 0% used [0x00000007a8c00000,0x00000007a8c00000,0x00000007b3680000)
 ParOldGen       total 1000960K, used 574335K [0x00000006c0000000, 0x00000006fd180000, 0x000000076ab00000)
  object space 1000960K, 57% used [0x00000006c0000000,0x00000006e30dff90,0x00000006fd180000)
 Metaspace       used 98200K, capacity 101470K, committed 101680K, reserved 1138688K
  class space    used 12592K, capacity 13268K, committed 13360K, reserved 1048576K
}
Event: 33.555 GC heap before
{Heap before GC invocations=28 (full 4):
 PSYoungGen      total 904704K, used 743445K [0x000000076ab00000, 0x00000007b3680000, 0x00000007c0000000)
  eden space 723456K, 100% used [0x000000076ab00000,0x0000000796d80000,0x0000000796d80000)
  from space 181248K, 11% used [0x0000000796d80000,0x0000000798105568,0x00000007a1e80000)
  to   space 174592K, 0% used [0x00000007a8c00000,0x00000007a8c00000,0x00000007b3680000)
 ParOldGen       total 1000960K, used 574335K [0x00000006c0000000, 0x00000006fd180000, 0x000000076ab00000)
  object space 1000960K, 57% used [0x00000006c0000000,0x00000006e30dff90,0x00000006fd180000)
 Metaspace       used 98223K, capacity 101488K, committed 101680K, reserved 1138688K
  class space    used 12592K, capacity 13269K, committed 13360K, reserved 1048576K
Event: 33.589 GC heap after
Heap after GC invocations=28 (full 4):
 PSYoungGen      total 1005568K, used 23808K [0x000000076ab00000, 0x00000007b2a00000, 0x00000007c0000000)
  eden space 843776K, 0% used [0x000000076ab00000,0x000000076ab00000,0x000000079e300000)
  from space 161792K, 14% used [0x00000007a8c00000,0x00000007aa340300,0x00000007b2a00000)
  to   space 167424K, 0% used [0x000000079e300000,0x000000079e300000,0x00000007a8680000)
 ParOldGen       total 1000960K, used 574343K [0x00000006c0000000, 0x00000006fd180000, 0x000000076ab00000)
  object space 1000960K, 57% used [0x00000006c0000000,0x00000006e30e1f90,0x00000006fd180000)
 Metaspace       used 98223K, capacity 101488K, committed 101680K, reserved 1138688K
  class space    used 12592K, capacity 13269K, committed 13360K, reserved 1048576K
}
Event: 34.670 GC heap before
{Heap before GC invocations=29 (full 4):
 PSYoungGen      total 1005568K, used 867584K [0x000000076ab00000, 0x00000007b2a00000, 0x00000007c0000000)
  eden space 843776K, 100% used [0x000000076ab00000,0x000000079e300000,0x000000079e300000)
  from space 161792K, 14% used [0x00000007a8c00000,0x00000007aa340300,0x00000007b2a00000)
  to   space 167424K, 0% used [0x000000079e300000,0x000000079e300000,0x00000007a8680000)
 ParOldGen       total 1000960K, used 574343K [0x00000006c0000000, 0x00000006fd180000, 0x000000076ab00000)
  object space 1000960K, 57% used [0x00000006c0000000,0x00000006e30e1f90,0x00000006fd180000)
 Metaspace       used 98266K, capacity 101562K, committed 101680K, reserved 1138688K
  class space    used 12595K, capacity 13270K, committed 13360K, reserved 1048576K
Event: 34.696 GC heap after
Heap after GC invocations=29 (full 4):
 PSYoungGen      total 1011200K, used 28960K [0x000000076ab00000, 0x00000007b2a00000, 0x00000007c0000000)
  eden space 843776K, 0% used [0x000000076ab00000,0x000000076ab00000,0x000000079e300000)
  from space 167424K, 17% used [0x000000079e300000,0x000000079ff48300,0x00000007a8680000)
  to   space 161792K, 0% used [0x00000007a8c00000,0x00000007a8c00000,0x00000007b2a00000)
 ParOldGen       total 1000960K, used 574351K [0x00000006c0000000, 0x00000006fd180000, 0x000000076ab00000)
  object space 1000960K, 57% used [0x00000006c0000000,0x00000006e30e3f90,0x00000006fd180000)
 Metaspace       used 98266K, capacity 101562K, committed 101680K, reserved 1138688K
  class space    used 12595K, capacity 13270K, committed 13360K, reserved 1048576K
}
Event: 35.705 GC heap before
{Heap before GC invocations=30 (full 4):
 PSYoungGen      total 1011200K, used 872736K [0x000000076ab00000, 0x00000007b2a00000, 0x00000007c0000000)
  eden space 843776K, 100% used [0x000000076ab00000,0x000000079e300000,0x000000079e300000)
  from space 167424K, 17% used [0x000000079e300000,0x000000079ff48300,0x00000007a8680000)
  to   space 161792K, 0% used [0x00000007a8c00000,0x00000007a8c00000,0x00000007b2a00000)
 ParOldGen       total 1000960K, used 574351K [0x00000006c0000000, 0x00000006fd180000, 0x000000076ab00000)
  object space 1000960K, 57% used [0x00000006c0000000,0x00000006e30e3f90,0x00000006fd180000)
 Metaspace       used 98284K, capacity 101566K, committed 101680K, reserved 1138688K
  class space    used 12597K, capacity 13270K, committed 13360K, reserved 1048576K
Event: 35.733 GC heap after
Heap after GC invocations=30 (full 4):
 PSYoungGen      total 1028608K, used 34304K [0x000000076ab00000, 0x00000007b6a00000, 0x00000007c0000000)
  eden space 866816K, 0% used [0x000000076ab00000,0x000000076ab00000,0x000000079f980000)
  from space 161792K, 21% used [0x00000007a8c00000,0x00000007aad802f0,0x00000007b2a00000)
  to   space 150016K, 0% used [0x000000079f980000,0x000000079f980000,0x00000007a8c00000)
 ParOldGen       total 1000960K, used 574359K [0x00000006c0000000, 0x00000006fd180000, 0x000000076ab00000)
  object space 1000960K, 57% used [0x00000006c0000000,0x00000006e30e5f90,0x00000006fd180000)
 Metaspace       used 98284K, capacity 101566K, committed 101680K, reserved 1138688K
  class space    used 12597K, capacity 13270K, committed 13360K, reserved 1048576K
}
Event: 36.720 GC heap before
{Heap before GC invocations=31 (full 4):
 PSYoungGen      total 1028608K, used 901120K [0x000000076ab00000, 0x00000007b6a00000, 0x00000007c0000000)
  eden space 866816K, 100% used [0x000000076ab00000,0x000000079f980000,0x000000079f980000)
  from space 161792K, 21% used [0x00000007a8c00000,0x00000007aad802f0,0x00000007b2a00000)
  to   space 150016K, 0% used [0x000000079f980000,0x000000079f980000,0x00000007a8c00000)
 ParOldGen       total 1000960K, used 574359K [0x00000006c0000000, 0x00000006fd180000, 0x000000076ab00000)
  object space 1000960K, 57% used [0x00000006c0000000,0x00000006e30e5f90,0x00000006fd180000)
 Metaspace       used 98321K, capacity 101580K, committed 101680K, reserved 1138688K
  class space    used 12597K, capacity 13271K, committed 13360K, reserved 1048576K
Event: 36.759 GC heap after
Heap after GC invocations=31 (full 4):
 PSYoungGen      total 1016832K, used 37936K [0x000000076ab00000, 0x00000007b6a00000, 0x00000007c0000000)
  eden space 866816K, 0% used [0x000000076ab00000,0x000000076ab00000,0x000000079f980000)
  from space 150016K, 25% used [0x000000079f980000,0x00000007a1e8c2e0,0x00000007a8c00000)
  to   space 161792K, 0% used [0x00000007a8c00000,0x00000007a8c00000,0x00000007b2a00000)
 ParOldGen       total 1000960K, used 574367K [0x00000006c0000000, 0x00000006fd180000, 0x000000076ab00000)
  object space 1000960K, 57% used [0x00000006c0000000,0x00000006e30e7f90,0x00000006fd180000)
 Metaspace       used 98321K, capacity 101580K, committed 101680K, reserved 1138688K
  class space    used 12597K, capacity 13271K, committed 13360K, reserved 1048576K
}

