# JRE version: Java(TM) SE Runtime Environment (8.0_45-b15) (build 1.8.0_45-b15)
# Java VM: Java HotSpot(TM) 64-Bit Server VM (25.45-b02 mixed mode windows-amd64 compressed oops)
Heap:
 PSYoungGen      total 825856K, used 517879K [0x000000076ab00000, 0x00000007af680000, 0x00000007c0000000)
  eden space 635904K, 79% used [0x000000076ab00000,0x0000000789933fa8,0x0000000791800000)
  from space 189952K, 6% used [0x0000000791800000,0x0000000792389f40,0x000000079d180000)
  to   space 186368K, 0% used [0x00000007a4080000,0x00000007a4080000,0x00000007af680000)
 ParOldGen       total 980480K, used 572737K [0x00000006c0000000, 0x00000006fbd80000, 0x000000076ab00000)
  object space 980480K, 58% used [0x00000006c0000000,0x00000006e2f505d8,0x00000006fbd80000)
 Metaspace       used 98029K, capacity 101172K, committed 101424K, reserved 1136640K
  class space    used 12578K, capacity 13247K, committed 13360K, reserved 1048576K
GC Heap History (10 events):
Event: 21.093 GC heap before
{Heap before GC invocations=21 (full 4):
 PSYoungGen      total 608256K, used 115496K [0x000000076ab00000, 0x00000007a2780000, 0x00000007c0000000)
  eden space 432128K, 0% used [0x000000076ab00000,0x000000076ab00000,0x0000000785100000)
  from space 176128K, 65% used [0x0000000785100000,0x000000078c1ca148,0x000000078fd00000)
  to   space 183808K, 0% used [0x0000000797400000,0x0000000797400000,0x00000007a2780000)
 ParOldGen       total 416768K, used 409522K [0x00000006c0000000, 0x00000006d9700000, 0x000000076ab00000)
  object space 416768K, 98% used [0x00000006c0000000,0x00000006d8fec970,0x00000006d9700000)
 Metaspace       used 90702K, capacity 93284K, committed 93488K, reserved 1130496K
  class space    used 11703K, capacity 12257K, committed 12336K, reserved 1048576K
Event: 22.167 GC heap after
Heap after GC invocations=21 (full 4):
 PSYoungGen      total 608256K, used 1167K [0x000000076ab00000, 0x00000007a2780000, 0x00000007c0000000)
  eden space 432128K, 0% used [0x000000076ab00000,0x000000076ab00000,0x0000000785100000)
  from space 176128K, 0% used [0x0000000785100000,0x0000000785223f58,0x000000078fd00000)
  to   space 183808K, 0% used [0x0000000797400000,0x0000000797400000,0x00000007a2780000)
 ParOldGen       total 980480K, used 416622K [0x00000006c0000000, 0x00000006fbd80000, 0x000000076ab00000)
  object space 980480K, 42% used [0x00000006c0000000,0x00000006d96db820,0x00000006fbd80000)
 Metaspace       used 90613K, capacity 93036K, committed 93488K, reserved 1130496K
  class space    used 11675K, capacity 12207K, committed 12336K, reserved 1048576K
}
Event: 24.941 GC heap before
{Heap before GC invocations=22 (full 4):
 PSYoungGen      total 608256K, used 433295K [0x000000076ab00000, 0x00000007a2780000, 0x00000007c0000000)
  eden space 432128K, 100% used [0x000000076ab00000,0x0000000785100000,0x0000000785100000)
  from space 176128K, 0% used [0x0000000785100000,0x0000000785223f58,0x000000078fd00000)
  to   space 183808K, 0% used [0x0000000797400000,0x0000000797400000,0x00000007a2780000)
 ParOldGen       total 980480K, used 416622K [0x00000006c0000000, 0x00000006fbd80000, 0x000000076ab00000)
  object space 980480K, 42% used [0x00000006c0000000,0x00000006d96db820,0x00000006fbd80000)
 Metaspace       used 93648K, capacity 96246K, committed 96432K, reserved 1132544K
  class space    used 12128K, capacity 12678K, committed 12720K, reserved 1048576K
Event: 25.024 GC heap after
Heap after GC invocations=22 (full 4):
 PSYoungGen      total 713728K, used 130416K [0x000000076ab00000, 0x00000007a2c80000, 0x00000007c0000000)
  eden space 529920K, 0% used [0x000000076ab00000,0x000000076ab00000,0x000000078b080000)
  from space 183808K, 70% used [0x0000000797400000,0x000000079f35c2e8,0x00000007a2780000)
  to   space 194560K, 0% used [0x000000078b080000,0x000000078b080000,0x0000000796e80000)
 ParOldGen       total 980480K, used 417614K [0x00000006c0000000, 0x00000006fbd80000, 0x000000076ab00000)
  object space 980480K, 42% used [0x00000006c0000000,0x00000006d97d3830,0x00000006fbd80000)
 Metaspace       used 93648K, capacity 96246K, committed 96432K, reserved 1132544K
  class space    used 12128K, capacity 12678K, committed 12720K, reserved 1048576K
}
Event: 26.893 GC heap before
{Heap before GC invocations=23 (full 4):
 PSYoungGen      total 713728K, used 660336K [0x000000076ab00000, 0x00000007a2c80000, 0x00000007c0000000)
  eden space 529920K, 100% used [0x000000076ab00000,0x000000078b080000,0x000000078b080000)
  from space 183808K, 70% used [0x0000000797400000,0x000000079f35c2e8,0x00000007a2780000)
  to   space 194560K, 0% used [0x000000078b080000,0x000000078b080000,0x0000000796e80000)
 ParOldGen       total 980480K, used 417614K [0x00000006c0000000, 0x00000006fbd80000, 0x000000076ab00000)
  object space 980480K, 42% used [0x00000006c0000000,0x00000006d97d3830,0x00000006fbd80000)
 Metaspace       used 94582K, capacity 97264K, committed 97328K, reserved 1134592K
  class space    used 12226K, capacity 12805K, committed 12848K, reserved 1048576K
Event: 26.970 GC heap after
Heap after GC invocations=23 (full 4):
 PSYoungGen      total 724480K, used 25048K [0x000000076ab00000, 0x00000007a9780000, 0x00000007c0000000)
  eden space 529920K, 0% used [0x000000076ab00000,0x000000076ab00000,0x000000078b080000)
  from space 194560K, 12% used [0x000000078b080000,0x000000078c8f6298,0x0000000796e80000)
  to   space 191488K, 0% used [0x000000079dc80000,0x000000079dc80000,0x00000007a9780000)
 ParOldGen       total 980480K, used 546390K [0x00000006c0000000, 0x00000006fbd80000, 0x000000076ab00000)
  object space 980480K, 55% used [0x00000006c0000000,0x00000006e1595ae8,0x00000006fbd80000)
 Metaspace       used 94582K, capacity 97264K, committed 97328K, reserved 1134592K
  class space    used 12226K, capacity 12805K, committed 12848K, reserved 1048576K
}
Event: 28.502 GC heap before
{Heap before GC invocations=24 (full 4):
 PSYoungGen      total 724480K, used 554968K [0x000000076ab00000, 0x00000007a9780000, 0x00000007c0000000)
  eden space 529920K, 100% used [0x000000076ab00000,0x000000078b080000,0x000000078b080000)
  from space 194560K, 12% used [0x000000078b080000,0x000000078c8f6298,0x0000000796e80000)
  to   space 191488K, 0% used [0x000000079dc80000,0x000000079dc80000,0x00000007a9780000)
 ParOldGen       total 980480K, used 546390K [0x00000006c0000000, 0x00000006fbd80000, 0x000000076ab00000)
  object space 980480K, 55% used [0x00000006c0000000,0x00000006e1595ae8,0x00000006fbd80000)
 Metaspace       used 97711K, capacity 100792K, committed 101040K, reserved 1136640K
  class space    used 12556K, capacity 13195K, committed 13232K, reserved 1048576K
Event: 28.529 GC heap after
Heap after GC invocations=24 (full 4):
 PSYoungGen      total 814592K, used 11279K [0x000000076ab00000, 0x00000007a8b00000, 0x00000007c0000000)
  eden space 635904K, 0% used [0x000000076ab00000,0x000000076ab00000,0x0000000791800000)
  from space 178688K, 6% used [0x000000079dc80000,0x000000079e783cf8,0x00000007a8b00000)
  to   space 189952K, 0% used [0x0000000791800000,0x0000000791800000,0x000000079d180000)
 ParOldGen       total 980480K, used 562994K [0x00000006c0000000, 0x00000006fbd80000, 0x000000076ab00000)
  object space 980480K, 57% used [0x00000006c0000000,0x00000006e25ccb88,0x00000006fbd80000)
 Metaspace       used 97711K, capacity 100792K, committed 101040K, reserved 1136640K
  class space    used 12556K, capacity 13195K, committed 13232K, reserved 1048576K
}
Event: 29.814 GC heap before
{Heap before GC invocations=25 (full 4):
 PSYoungGen      total 814592K, used 647183K [0x000000076ab00000, 0x00000007a8b00000, 0x00000007c0000000)
  eden space 635904K, 100% used [0x000000076ab00000,0x0000000791800000,0x0000000791800000)
  from space 178688K, 6% used [0x000000079dc80000,0x000000079e783cf8,0x00000007a8b00000)
  to   space 189952K, 0% used [0x0000000791800000,0x0000000791800000,0x000000079d180000)
 ParOldGen       total 980480K, used 562994K [0x00000006c0000000, 0x00000006fbd80000, 0x000000076ab00000)
  object space 980480K, 57% used [0x00000006c0000000,0x00000006e25ccb88,0x00000006fbd80000)
 Metaspace       used 98008K, capacity 101172K, committed 101424K, reserved 1136640K
  class space    used 12578K, capacity 13247K, committed 13360K, reserved 1048576K
Event: 29.839 GC heap after
Heap after GC invocations=25 (full 4):
 PSYoungGen      total 825856K, used 11815K [0x000000076ab00000, 0x00000007af680000, 0x00000007c0000000)
  eden space 635904K, 0% used [0x000000076ab00000,0x000000076ab00000,0x0000000791800000)
  from space 189952K, 6% used [0x0000000791800000,0x0000000792389f40,0x000000079d180000)
  to   space 186368K, 0% used [0x00000007a4080000,0x00000007a4080000,0x00000007af680000)
 ParOldGen       total 980480K, used 572737K [0x00000006c0000000, 0x00000006fbd80000, 0x000000076ab00000)
  object space 980480K, 58% used [0x00000006c0000000,0x00000006e2f505d8,0x00000006fbd80000)
 Metaspace       used 98008K, capacity 101172K, committed 101424K, reserved 1136640K
  class space    used 12578K, capacity 13247K, committed 13360K, reserved 1048576K
}

